<?xml version="1.0" encoding="UTF-8"?>
<!-- Generated by org.testng.reporters.JUnitReportReporter -->
<testsuite hostname="Irfan" failures="0" tests="1" name="testcase.TC1" time="7.761" errors="0" timestamp="2021-07-24T11:08:36 GST" skipped="0">
  <testcase classname="testcase.TC1" name="TC111" time="7.761"/>
  <system-out/>
</testsuite> <!-- testcase.TC1 -->
